0 info it worked if it ends with ok
1 verbose cli [ '/usr/local/Cellar/node/6.2.0/bin/node',
1 verbose cli   '/usr/local/bin/npm',
1 verbose cli   'i',
1 verbose cli   'babel-preset-stage=0' ]
2 info using npm@3.8.9
3 info using node@v6.2.0
4 silly loadCurrentTree Starting
5 silly install loadCurrentTree
6 silly install readLocalPackageData
7 silly fetchPackageMetaData babel-preset-stage=0
8 silly fetchOtherPackageData babel-preset-stage=0
9 silly cache add args [ 'babel-preset-stage=0', null ]
10 verbose cache add spec babel-preset-stage=0
11 silly cache add parsed spec Result {
11 silly cache add   raw: 'babel-preset-stage=0',
11 silly cache add   scope: null,
11 silly cache add   name: null,
11 silly cache add   rawSpec: 'babel-preset-stage=0',
11 silly cache add   spec: '/Users/oleg/playground/playground-prebuilt 2/babel-preset-stage=0',
11 silly cache add   type: 'local' }
12 error addLocal Could not install /Users/oleg/playground/playground-prebuilt 2/babel-preset-stage=0
13 silly fetchPackageMetaData Error: ENOENT: no such file or directory, open '/Users/oleg/playground/playground-prebuilt 2/babel-preset-stage=0'
13 silly fetchPackageMetaData     at Error (native)
13 silly fetchPackageMetaData  error for babel-preset-stage=0 { Error: ENOENT: no such file or directory, open '/Users/oleg/playground/playground-prebuilt 2/babel-preset-stage=0'
13 silly fetchPackageMetaData     at Error (native)
13 silly fetchPackageMetaData   errno: -2,
13 silly fetchPackageMetaData   code: 'ENOENT',
13 silly fetchPackageMetaData   syscall: 'open',
13 silly fetchPackageMetaData   path: '/Users/oleg/playground/playground-prebuilt 2/babel-preset-stage=0' }
14 silly rollbackFailedOptional Starting
15 silly rollbackFailedOptional Finishing
16 silly runTopLevelLifecycles Starting
17 silly runTopLevelLifecycles Finishing
18 silly install printInstalled
19 verbose stack Error: ENOENT: no such file or directory, open '/Users/oleg/playground/playground-prebuilt 2/babel-preset-stage=0'
19 verbose stack     at Error (native)
20 verbose cwd /Users/oleg/playground/playground-prebuilt 2
21 error Darwin 14.5.0
22 error argv "/usr/local/Cellar/node/6.2.0/bin/node" "/usr/local/bin/npm" "i" "babel-preset-stage=0"
23 error node v6.2.0
24 error npm  v3.8.9
25 error path /Users/oleg/playground/playground-prebuilt 2/babel-preset-stage=0
26 error code ENOENT
27 error errno -2
28 error syscall open
29 error enoent ENOENT: no such file or directory, open '/Users/oleg/playground/playground-prebuilt 2/babel-preset-stage=0'
30 error enoent ENOENT: no such file or directory, open '/Users/oleg/playground/playground-prebuilt 2/babel-preset-stage=0'
30 error enoent This is most likely not a problem with npm itself
30 error enoent and is related to npm not being able to find a file.
31 verbose exit [ -2, true ]
